android/BaseGameUtils/basegameutils/build/outputs/logs/manifest-merger-debug-report.txt
-- Merging decision tree log ---
manifest
ADDED from src/main/AndroidManifest.xml:18:1-31:12
INJECTED from src/main/AndroidManifest.xml:18:1-31:12
INJECTED from src/main/AndroidManifest.xml:18:1-31:12
INJECTED from src/main/AndroidManifest.xml:18:1-31:12
INJECTED from src/main/AndroidManifest.xml:18:1-31:12
INJECTED from src/main/AndroidManifest.xml:18:1-31:12
INJECTED from src/main/AndroidManifest.xml:18:1-31:12
	package
		ADDED from src/main/AndroidManifest.xml:19:5-53
		INJECTED from src/main/AndroidManifest.xml
		INJECTED from src/main/AndroidManifest.xml
	android:versionName
		ADDED from src/main/AndroidManifest.xml:21:5-30
		INJECTED from src/main/AndroidManifest.xml
		INJECTED from src/main/AndroidManifest.xml
	xmlns:android
		ADDED from src/main/AndroidManifest.xml:18:11-69
	android:versionCode
		ADDED from src/main/AndroidManifest.xml:20:5-28
		INJECTED from src/main/AndroidManifest.xml
		INJECTED from src/main/AndroidManifest.xml
uses-sdk
ADDED from src/main/AndroidManifest.xml:23:5-25:41
INJECTED from src/main/AndroidManifest.xml:23:5-25:41
INJECTED from src/main/AndroidManifest.xml:23:5-25:41
INJECTED from src/main/AndroidManifest.xml:23:5-25:41
INJECTED from src/main/AndroidManifest.xml:23:5-25:41
	android:targetSdkVersion
		ADDED from src/main/AndroidManifest.xml:25:9-38
		INJECTED from src/main/AndroidManifest.xml
		INJECTED from src/main/AndroidManifest.xml
	android:minSdkVersion
		ADDED from src/main/AndroidManifest.xml:24:9-35
		INJECTED from src/main/AndroidManifest.xml
		INJECTED from src/main/AndroidManifest.xml
application
ADDED from src/main/AndroidManifest.xml:27:5-28:19
	android:allowBackup
		ADDED from src/main/AndroidManifest.xml:27:18-44
meta-data#unityplayer.ForwardNativeEventsToDalvik
ADDED from src/main/AndroidManifest.xml:29:5-94
	android:value
		ADDED from src/main/AndroidManifest.xml:29:71-91
	android:name
		ADDED from src/main/AndroidManifest.xml:29:16-70